Determining if the pthread_create exist failed with the following output:
Change Dir: /home/raopei/mySlam/cmake-build-debug/CMakeFiles/CMakeTmp

Run Build Command:"/usr/bin/make" "cmTC_eb894/fast"
/usr/bin/make -f CMakeFiles/cmTC_eb894.dir/build.make CMakeFiles/cmTC_eb894.dir/build
make[1]: Entering directory '/home/raopei/mySlam/cmake-build-debug/CMakeFiles/CMakeTmp'
Building C object CMakeFiles/cmTC_eb894.dir/CheckSymbolExists.c.o
/usr/bin/cc    -o CMakeFiles/cmTC_eb894.dir/CheckSymbolExists.c.o   -c /home/raopei/mySlam/cmake-build-debug/CMakeFiles/CMakeTmp/CheckSymbolExists.c
Linking C executable cmTC_eb894
/home/raopei/下载/clion-2018.2.4/bin/cmake/linux/bin/cmake -E cmake_link_script CMakeFiles/cmTC_eb894.dir/link.txt --verbose=1
/usr/bin/cc      -rdynamic CMakeFiles/cmTC_eb894.dir/CheckSymbolExists.c.o  -o cmTC_eb894 
CMakeFiles/cmTC_eb894.dir/CheckSymbolExists.c.o：在函数‘main’中：
CheckSymbolExists.c:(.text+0x16)：对‘pthread_create’未定义的引用
collect2: error: ld returned 1 exit status
CMakeFiles/cmTC_eb894.dir/build.make:86: recipe for target 'cmTC_eb894' failed
make[1]: *** [cmTC_eb894] Error 1
make[1]: Leaving directory '/home/raopei/mySlam/cmake-build-debug/CMakeFiles/CMakeTmp'
Makefile:121: recipe for target 'cmTC_eb894/fast' failed
make: *** [cmTC_eb894/fast] Error 2

File /home/raopei/mySlam/cmake-build-debug/CMakeFiles/CMakeTmp/CheckSymbolExists.c:
/* */
#include <pthread.h>

int main(int argc, char** argv)
{
  (void)argv;
#ifndef pthread_create
  return ((int*)(&pthread_create))[argc];
#else
  (void)argc;
  return 0;
#endif
}

Determining if the function pthread_create exists in the pthreads failed with the following output:
Change Dir: /home/raopei/mySlam/cmake-build-debug/CMakeFiles/CMakeTmp

Run Build Command:"/usr/bin/make" "cmTC_3a62a/fast"
/usr/bin/make -f CMakeFiles/cmTC_3a62a.dir/build.make CMakeFiles/cmTC_3a62a.dir/build
make[1]: Entering directory '/home/raopei/mySlam/cmake-build-debug/CMakeFiles/CMakeTmp'
Building C object CMakeFiles/cmTC_3a62a.dir/CheckFunctionExists.c.o
/usr/bin/cc   -DCHECK_FUNCTION_EXISTS=pthread_create   -o CMakeFiles/cmTC_3a62a.dir/CheckFunctionExists.c.o   -c /home/raopei/下载/clion-2018.2.4/bin/cmake/linux/share/cmake-3.12/Modules/CheckFunctionExists.c
Linking C executable cmTC_3a62a
/home/raopei/下载/clion-2018.2.4/bin/cmake/linux/bin/cmake -E cmake_link_script CMakeFiles/cmTC_3a62a.dir/link.txt --verbose=1
/usr/bin/cc  -DCHECK_FUNCTION_EXISTS=pthread_create    -rdynamic CMakeFiles/cmTC_3a62a.dir/CheckFunctionExists.c.o  -o cmTC_3a62a -lpthreads 
/usr/bin/ld: 找不到 -lpthreads
collect2: error: ld returned 1 exit status
CMakeFiles/cmTC_3a62a.dir/build.make:86: recipe for target 'cmTC_3a62a' failed
make[1]: *** [cmTC_3a62a] Error 1
make[1]: Leaving directory '/home/raopei/mySlam/cmake-build-debug/CMakeFiles/CMakeTmp'
Makefile:121: recipe for target 'cmTC_3a62a/fast' failed
make: *** [cmTC_3a62a/fast] Error 2


